2016-08-19 18:08:09,游客0号,OmjZCYjJQluRxGVDAAAA,try
2016-08-19 18:10:06,sds,qmkGn381sJWpcdQdAAAB,try
2016-08-19 18:10:37,sd,QvmU4HGH9wZiG1o7AAAA,try
2016-08-19 18:11:10,sd,QvmU4HGH9wZiG1o7AAAA,try
2016-08-19 18:18:09,游客1号,CD08FMAz62T1P3f3AAAB,try
2016-08-19 18:18:45,游客1号,CD08FMAz62T1P3f3AAAB,Try
2016-08-19 18:18:50,游客1号,CD08FMAz62T1P3f3AAAB,Try
2016-08-19 18:54:16,yuc,m46IMP9VgECGeg_3AAAA,try
2016-08-19 18:55:00,xsw,IvpwxUvZiuY0fQwJAAAB,是多少
2016-08-19 18:58:10,ssd,4VD2pQMa0QH4SHcEAAAA, try
2016-08-19 18:58:17,ssd,4VD2pQMa0QH4SHcEAAAA,  try
2016-08-19 18:58:38,游客1号,kttAKluQ9QOVUg_QAAAB,try
2016-08-19 18:58:45,游客1号,kttAKluQ9QOVUg_QAAAB,try
2016-08-19 18:59:21,游客0号,PTd4Q8yxqDx8LVNJAAAB,try
2016-08-19 18:59:53,游客0号,PTd4Q8yxqDx8LVNJAAAB,try
2016-08-19 19:01:39,游客0号,kR3BiJ8clxr7pmfkAAAA,try
2016-08-19 19:01:44,游客0号,kR3BiJ8clxr7pmfkAAAA,try
2016-08-19 20:04:00,游客0号,kR3BiJ8clxr7pmfkAAAA,义勇军
2016-08-19 21:37:28,游客1号,1zsxDb7CoISHo8pTAAAG,Try
2016-08-19 22:57:52,游客3号,Ulcv2ljUqXGQCONAAAAF,Try
2016-08-19 23:07:48,111,-0L_3KV2qOounKx0AAAF,Try
2016-08-19 23:11:06,ss,hX8KzTYY7unYUYYrAAAB,Try
2016-08-19 23:19:15,游客2号,piZHjiJkhLWhG6EoAAAC,Try
2016-08-19 23:29:15,2222,-PlCC84Lx5NrBbMeAAAH,Try
2016-08-19 23:31:40,sss,qCFw82twnHdrNJKzAAAC,Try
2016-08-19 23:33:26,游客2号,1OxmTTktwVizV4lyAAAC,Try
2016-08-19 23:37:55,2,_jr6B63_S7K_YxTcAAAF,Try
2016-08-19 23:39:41,zzxs,8Y_1vK6U0-kGUJhMAAAI,Fuck
2016-08-19 23:44:13,2,zD0qKKdYYDFMWlxrAAAC,Fuck
2016-08-19 23:44:34,游客0号,ia4ZvGq0fZZya38UAAAA,Try
2016-08-20 00:35:51,游客0号,4ZK-UWqoauAiBJuFAAAA,Try
2016-08-20 00:47:59,游客1号,H5Ig0C4hArFSvSWPAAAB,Try
2016-08-20 00:49:32,游客0号,H0_A2Y71laBrB-WtAAAA,Try
2016-08-20 00:52:26,游客0号,5TSxpOBghtJ9Ogp9AAAA,Try
2016-08-20 00:56:57,游客0号,5TSxpOBghtJ9Ogp9AAAA,气球
2016-08-20 01:05:22,游客11号,hsnMFS8kG1nscTRgAAAL,气球
2016-08-20 01:08:33,ss,uKFZDdq0_EmTJIa8AAAP,Try
2016-08-20 01:22:14,游客0号,V0tsEJVza76oQKQnAAAA,气球
2016-08-20 01:24:22,游客1号,MWA24durZyvdgMVVAAAB,Try
2016-08-20 01:24:52,游客1号,MWA24durZyvdgMVVAAAB,SS
2016-08-20 01:26:42,游客0号,PARuzvP7XK_XHDW1AAAA,Udi
2016-08-20 01:27:43,游客0号,PgqFDug3mRaNmKt1AAAA,气球
2016-08-20 01:28:06,游客0号,PgqFDug3mRaNmKt1AAAA,Try
2016-08-20 01:28:47,游客1号,E04H4rKKYtkGEz8jAAAB,气球
2016-08-20 01:28:59,游客1号,E04H4rKKYtkGEz8jAAAB,Try
2016-08-20 01:31:19,游客3号,osZ129hEFBqSZm_NAAAD,如果可以 - Bonus Tracks
2016-08-20 01:31:34,游客3号,osZ129hEFBqSZm_NAAAD,Intro - intro
2016-08-20 01:32:01,游客1号,k8QajVor8hfmw1shAAAB,Udi
2016-08-20 01:32:25,游客0号,Ipm5p8FVXqk7WUVNAAAA,气球
2016-08-20 01:33:15,游客0号,Ipm5p8FVXqk7WUVNAAAA,Try
2016-08-20 01:34:20,游客0号,ewvqKZIXml5vPL-FAAAA,气球
2016-08-20 01:34:26,游客0号,ewvqKZIXml5vPL-FAAAA,Try
2016-08-20 01:34:57,游客1号,0NwOvOWjzbkwad8aAAAB,Call Me Maybe
2016-08-20 01:37:10,游客0号,xEMY_vXXbB-JBx18AAAA,Why So Lonely
2016-08-20 01:39:20,游客0号,xEMY_vXXbB-JBx18AAAA,Whistle
2016-08-20 01:42:00,ss,5tkh-CVEGxrmEKaXAAAB,I Feel You
2016-08-20 01:56:46,游客8号,Z1VHd9V9zBQlonyVAAAK,气球
2016-08-20 01:57:01,游客8号,Z1VHd9V9zBQlonyVAAAK,Try
2016-08-20 02:01:51,游客0号,SjBrHxbmHtvaAyy0AAAA,Why So Lonely
2016-08-20 02:02:07,游客0号,SjBrHxbmHtvaAyy0AAAA,I Feel You
2016-08-20 09:00:31,游客0号,h-_A_wzQNp3MAsohAAAA,Sex
2016-08-20 09:03:17,游客0号,h-_A_wzQNp3MAsohAAAA,每当收到妈妈寄来的小包裹，就感到无限的感谢。
2016-08-20 09:07:08,游客0号,KWBbU9ntQUNl2RtYAAAA,如果可以 - Bonus Tracks
2016-08-20 09:07:43,游客1号,2KkOswfl90cPjmzcAAAB,예쁘다
2016-08-20 09:42:08,游客2号,T1hHUESykzYeQ__EAAAF,Try
2016-08-20 09:42:41,游客3号,g9GDSnXSg1iHxNN9AAAH,I Feel
2016-08-20 10:20:42,游客2号,dF5yz-3IedMnFlGzAAAC,Try
2016-08-20 10:31:01,游客2号,xmWHNjFAtSgC_UIwAAAC,Try
2016-08-20 10:36:48,游客5号,Ri0JXYEkRneblputAAAF,We Are Young
2016-08-20 10:36:57,游客5号,Ri0JXYEkRneblputAAAF,Try
2016-08-20 10:38:28,游客8号,OTQ99HgOpSn_xiuiAAAI,Cool
2016-08-20 10:42:08,游客3号,j4y5IUaNn6xuhhwxAAAD,Fuck
2016-08-20 10:43:49,游客2号,fjuvShIMbpAyLqEOAAAC,Miss - 纪念迈克尔.杰克逊
2016-08-20 10:45:41,游客5号,EEoiv6AQHgIgOIxgAAAF,甩葱歌
2016-08-20 10:48:34,游客0号,Usqq_MO_yK_2DwoVAAAA,Miss You
2016-08-20 10:52:14,游客2号,YqE6WzO6k1ZBLadbAAAC,Miss You
2016-08-20 10:58:25,游客2号,YqE6WzO6k1ZBLadbAAAC,I Feel Lonely (Aus Sing meinen Song - Das Tauschkonzert)
2016-08-20 11:10:23,游客22号,M7Oy1oRSN4iDreQSAAAW,下雨天
2016-08-20 11:15:54,游客26号,pBzVvi4EAtj_GO2eAAAa,Miss U
2016-08-20 11:24:15,游客39号,543v43yIUPcvO7TYAAAn,Try
2016-08-20 12:36:16,游客1号,G-6PhHF20cYAs8uaAAAB,男孩别哭
2016-08-20 12:36:34,游客1号,G-6PhHF20cYAs8uaAAAB,热情
2016-08-20 12:38:11,游客0号,Xc_NNCTnt4Na3nwNAAAA,热情
2016-08-20 12:38:28,游客0号,Xc_NNCTnt4Na3nwNAAAA,I Believe I Can Fly - Album/LP Version
2016-08-20 12:40:23,游客0号,om3m-H-7l_2XuAWcAAAA,Why So Lonely
2016-08-20 12:53:02,游客7号,ROT2qQJd9tARKZKtAAAH,HOT SUMMER
2016-08-20 13:13:09,游客17号,oshJdlscDwyYZpZxAAAR,Why So Lonely
2016-08-20 13:13:24,游客17号,oshJdlscDwyYZpZxAAAR,I Feel You
2016-08-20 13:15:53,游客0号,3xdLpASsR3WoknLpAAAA,Sexy
2016-08-20 13:16:19,游客1号,dolrgJrnBvLjlpAwAAAB,Why
2016-08-20 13:18:36,游客3号,Ar9wBS9EnOSrJnOTAAAD,I Feel You
2016-08-20 13:18:51,游客3号,Ar9wBS9EnOSrJnOTAAAD,Why So Lonely
2016-08-20 13:22:44,游客4号,e1lSg0fqtX62U9EAAAAE,X
2016-08-20 13:26:53,游客5号,-XbtVXMUxCVjuPW1AAAF,XXX (The Rookies)
2016-08-20 13:27:00,游客5号,-XbtVXMUxCVjuPW1AAAF,Intro - intro
2016-08-20 13:42:13,游客0号,hQN3gnRsYYQrCXn7AAAA,Why I Love You
2016-08-20 13:42:54,游客1号,DqVB9gcqtwGD8-zRAAAB,男孩别哭
2016-08-20 13:43:39,游客1号,DqVB9gcqtwGD8-zRAAAB,S
2016-08-20 13:44:40,游客2号,-Fcm8QZHd9gGNZTBAAAC,FU
2016-08-20 13:45:03,游客2号,-Fcm8QZHd9gGNZTBAAAC,S
2016-08-20 13:45:48,游客3号,5rosXx8AotBi-b4yAAAD,Sugar
2016-08-20 13:47:32,游客4号,j6-DAQ3VZllKVCxVAAAE,方圆几里
2016-08-20 13:48:11,游客5号,ALhaSn4Xc3mfmM4nAAAF,悟空
2016-08-20 13:48:13,游客5号,ALhaSn4Xc3mfmM4nAAAF,演员
2016-08-20 13:48:32,游客5号,ALhaSn4Xc3mfmM4nAAAF,See You Again
2016-08-20 13:48:38,游客5号,ALhaSn4Xc3mfmM4nAAAF,Hall of Fame
2016-08-20 13:49:34,游客6号,LvOrXbRGp23TNbTJAAAG,Five Hundred Miles
2016-08-20 14:18:34,游客12号,ok2MU1G-3l3vEgSOAAAM,演员
2016-08-20 14:19:44,游客1号,vyNhtMt8wvFXTpv4AAAB,SSS(死んだ 世界 戦線)RADIO Track01
2016-08-20 14:25:56,游客5号,pRfTOy7Xxd-ObxNvAAAF,Why So Lonely
2016-08-20 14:26:05,游客5号,pRfTOy7Xxd-ObxNvAAAF,Sweet & Easy
2016-08-20 14:26:26,游客5号,pRfTOy7Xxd-ObxNvAAAF,I Feel You
2016-08-20 14:26:38,游客5号,pRfTOy7Xxd-ObxNvAAAF,So hot
2016-08-20 15:08:48,游客0号,A14hI-utaH3b_yJGAAAA,You're Out
2016-08-20 15:10:19,游客0号,KQBly1VfenzvIW-3AAAA,演员
2016-08-20 15:12:17,游客0号,N7tqi4UnqFXgbu6fAAAA,搜索
2016-08-20 15:13:13,游客0号,zIUDLi7dq9BKIAZJAAAA,SS
2016-08-20 15:16:16,游客0号,v6lOW464-ndnAc_aAAAA,So Hot
2016-08-20 15:16:53,游客0号,hN67Sw0lQciMWqQIAAAA,So Hot
2016-08-20 15:17:09,游客0号,hN67Sw0lQciMWqQIAAAA,You're Out
2016-08-20 15:33:59,游客1号,mTmQclauiEziBD6pAAAB,I Feel You
2016-08-20 15:36:58,游客1号,mTmQclauiEziBD6pAAAB,三生石，三生路(桜モダン中文版)
2016-08-20 15:47:04,游客0号,FehxLkwR-8xEcX3AAAAA,Sex (Carta Remix)
2016-08-20 15:47:59,游客0号,_a36IbmD4OfmgCVpAAAA,Sands
2016-08-20 15:48:46,游客0号,_a36IbmD4OfmgCVpAAAA,Sweet & Easy
2016-08-20 16:00:56,游客0号,CAeEagrB_Da0MN9-AAAA,可惜没如果
2016-08-20 16:02:26,游客0号,CAeEagrB_Da0MN9-AAAA,后来 - 翻唱
2016-08-20 16:03:23,游客1号,Ssq99_OvobocQQCFAAAB,可惜没如果
2016-08-20 16:03:28,游客1号,Ssq99_OvobocQQCFAAAB,后来 (Live)
2016-08-20 18:18:58,游客0号,tIfENqKYPLZmLjeJAAAA,男孩像你
2016-08-20 18:19:24,游客0号,tIfENqKYPLZmLjeJAAAA,在,也不见 - From "Distance" / Main Theme Song
2016-08-20 18:28:18,游客1号,qrqXItfiBAKNq2U7AAAB,在,也不见 - From "Distance" / Main Theme Song
2016-08-20 18:31:30,游客5号,bAB-tSu-7oK3zntoAAAF,老司机带带我(云南山歌)
2016-08-20 18:32:18,游客5号,bAB-tSu-7oK3zntoAAAF,无条件
2016-08-20 18:38:13,游客0号,9CP6v0_GySTAxcjSAAAA,无条件
2016-08-20 18:39:11,游客1号,B9a-ME1BAtrIZVN_AAAB,老司机带带我(云南山歌)
2016-08-20 18:43:26,游客5号,nCFVa_Ck3T_FoZ3-AAAF,无条件
2016-08-20 18:46:19,游客8号,44NSR5HzjfNefC6_AAAI,阴天快乐
2016-08-20 18:49:28,游客5号,nCFVa_Ck3T_FoZ3-AAAF,任我行
2016-08-20 19:01:18,游客9号,D_brh-FAhcXIgnkXAAAJ,黑夜不再来(Live) - live
2016-08-20 19:32:45,游客12号,Y2X4Ri2VtJPLWKRDAAAM,无条件
2016-08-20 20:49:01,游客13号,mJtl-MT2Qoxq9IEtAAAN,陪你度过漫长岁月
2016-08-20 20:55:08,游客13号,mJtl-MT2Qoxq9IEtAAAN,阴天快乐
2016-08-20 21:05:33,游客14号,5OK6Evv4FZ3HpMuyAAAO,任我行
2016-08-20 21:05:50,游客14号,5OK6Evv4FZ3HpMuyAAAO,淘汰
2016-08-20 21:06:04,游客14号,5OK6Evv4FZ3HpMuyAAAO,旅行的意义
2016-08-20 21:08:58,学校,LEfd1P2__F73Fif-AAAP,我很快乐
2016-08-20 21:09:06,学校,LEfd1P2__F73Fif-AAAP,当你孤单你会想起谁
2016-08-20 21:24:30,学校,LEfd1P2__F73Fif-AAAP,喜欢你
2016-08-20 21:30:07,学校,LEfd1P2__F73Fif-AAAP,Why So Lonely
2016-08-20 21:30:23,学校,LEfd1P2__F73Fif-AAAP,人肉搜索
2016-08-20 21:34:58,游客15号,lKmy221RPE-5Wk7RAAAQ,断点
2016-08-20 21:38:54,游客16号,Lj9y-9ezDALC1QcCAAAR,无条件
2016-08-20 21:40:25,游客16号,Lj9y-9ezDALC1QcCAAAR,Wuk Up Yuh Body
2016-08-20 23:00:30,游客0号,_16FaEB1AqbgQdkrAAAA,Why So Lonely
2016-08-21 01:31:49,游客0号,Ei_o6_A-JxonmFfjAAAA,演员
2016-08-21 01:31:56,游客0号,Ei_o6_A-JxonmFfjAAAA,XX
2016-08-21 01:32:08,游客0号,Ei_o6_A-JxonmFfjAAAA,任我行
2016-08-21 01:41:52,游客0号,Ei_o6_A-JxonmFfjAAAA,任我行
2016-08-21 01:45:47,游客0号,Ei_o6_A-JxonmFfjAAAA,演员
2016-08-21 01:48:11,游客0号,Ei_o6_A-JxonmFfjAAAA,Why So Lonely
2016-08-21 01:52:25,游客0号,Ei_o6_A-JxonmFfjAAAA,I Feel You
2016-08-21 02:10:25,游客8号,g-2tWc6ZAMdjudvBAAAI,在,也不见 - From "Distance" / Main Theme Song
2016-08-21 02:14:36,游客9号,DvPc500B_f9c1J99AAAJ,在,也不见 - From "Distance" / Main Theme Song
2016-08-21 02:21:38,游客1号,K6_IS9wSiDnEbX2aAAAB,无条件
